Arguments: 
  D:\nodejs\node.exe D:\nodejs\node_modules\yarn\bin\yarn.js add -D babeyarn add -D @babel/core @babel/eslint-parser @babel/preset-env

PATH: 
  D:\Git\mingw64\bin;D:\Git\usr\bin;C:\Users\sorbu\bin;C:\Program Files (x86)\Common Files\Oracle\Java\javapath;C:\Program Files (x86)\NAT Service;D:\oracle\product\12.2.0\dbhome_1\bin;C:\WINDOWS\system32;C:\WINDOWS;C:\WINDOWS\System32\Wbem;C:\WINDOWS\System32\WindowsPowerShell\v1.0;C:\WINDOWS\System32\OpenSSH;C:\Program Files\Intel\WiFi\bin;C:\Program Files\Common Files\Intel\WirelessCommon;D:\Git\cmd;%NVM_HOME%;%NVM_SYMLINK%;C:\Program Files\MySQL\MySQL Shell 8.0\bin;C:\Users\sorbu\AppData\Local\Programs\Python\Python38\Scripts;C:\Users\sorbu\AppData\Local\Programs\Python\Python38;C:\Users\sorbu\AppData\Local\Programs\Python\Python39\Scripts;C:\Users\sorbu\AppData\Local\Programs\Python\Python39;C:\Users\sorbu\AppData\Local\Microsoft\WindowsApps;D:\Microsoft VS Code\bin;D:\Java\jdk-14.0.1\bin;D:\IntelliJ IDEA Community Edition 2020.2\bin;D:\data\db\bin;C:\ProgramData\sorbu\GitHubDesktop\bin;D:\nvm;D:\nodejs

Yarn version: 
  1.22.10

Node version: 
  14.16.0

Platform: 
  win32 x64

Trace: 
  Error: https://registry.yarnpkg.com/babeyarn: Not found
      at Request.params.callback [as _callback] (D:\nvm\v14.16.0\node_modules\yarn\lib\cli.js:66988:18)
      at Request.self.callback (D:\nvm\v14.16.0\node_modules\yarn\lib\cli.js:140662:22)
      at Request.emit (events.js:315:20)
      at Request.<anonymous> (D:\nvm\v14.16.0\node_modules\yarn\lib\cli.js:141634:10)
      at Request.emit (events.js:315:20)
      at IncomingMessage.<anonymous> (D:\nvm\v14.16.0\node_modules\yarn\lib\cli.js:141556:12)
      at Object.onceWrapper (events.js:421:28)
      at IncomingMessage.emit (events.js:327:22)
      at endReadableNT (internal/streams/readable.js:1327:12)
      at processTicksAndRejections (internal/process/task_queues.js:80:21)

npm manifest: 
  {
    "name": "my-react",
    "version": "1.0.0",
    "main": "index.js",
    "license": "MIT"
  }

yarn manifest: 
  No manifest

Lockfile: 
  No lockfile
